<?xml version="1.0" encoding="UTF-8"?>
<!-- Generated by org.testng.reporters.JUnitReportReporter -->
<testsuite hostname="MSI" failures="0" tests="1" name="testLayer.LoginTest" time="71.120" errors="0" timestamp="2024-12-25T11:13:26 IST" skipped="0">
  <testcase classname="testLayer.LoginTest" name="loginUsingExcelData" time="71.120"/>
</testsuite> <!-- testLayer.LoginTest -->
